<?xml version="1.0" encoding="UTF-8"?>
<!-- Generated by org.testng.reporters.JUnitReportReporter -->
<testsuite hostname="AKSHAY" failures="0" tests="1" name="com.comcast.crm.orgtest.TestNG.CreateOrgTest" time="20.369" errors="0" timestamp="2024-06-14T12:14:49 IST" skipped="0">
  <testcase classname="com.comcast.crm.orgtest.TestNG.CreateOrgTest" name="CreateOrg" time="20.369"/>
  <system-out>
    <![CDATA[Validation Successfull]]>
  </system-out>
</testsuite> <!-- com.comcast.crm.orgtest.TestNG.CreateOrgTest -->
